#
# There is insufficient memory for the Java Runtime Environment to continue.
# Native memory allocation (mmap) failed to map 257949696 bytes for Failed to commit area from 0x000000070a000000 to 0x0000000719600000 of length 257949696.
# Possible reasons:
#   The system is out of physical RAM or swap space
#   The process is running with CompressedOops enabled, and the Java Heap may be blocking the growth of the native heap
# Possible solutions:
#   Reduce memory load on the system
#   Increase physical memory or swap space
#   Check if swap backing store is full
#   Decrease Java heap size (-Xmx/-Xms)
#   Decrease number of Java threads
#   Decrease Java thread stack sizes (-Xss)
#   Set larger code cache with -XX:ReservedCodeCacheSize=
# This output file may be truncated or incomplete.
#
#  Out of Memory Error (./src/hotspot/os/windows/os_windows.cpp:3511), pid=4804, tid=6904
#
# JRE version:  (11.0.11+9) (build )
# Java VM: OpenJDK 64-Bit Server VM (11.0.11+9-b1504.13, mixed mode, sharing, tiered, compressed oops, g1 gc, windows-amd64)
# No core dump will be written. Minidumps are not enabled by default on client versions of Windows
#

---------------  S U M M A R Y ------------

Command Line: git4idea.http.GitAskPassApp Username for 'https://github.com': 

Host: AMD Ryzen 5 4600H with Radeon Graphics         , 12 cores, 15G,  Windows 10 , 64 bit Build 19041 (10.0.19041.1202)
Time: Wed Oct  6 14:34:35 2021 Paris, Madrid (heure d’été) elapsed time: 0.036709 seconds (0d 0h 0m 0s)

---------------  T H R E A D  ---------------

Current thread (0x000002c85bdb3000):  JavaThread "Unknown thread" [_thread_in_vm, id=6904, stack(0x000000e688300000,0x000000e688400000)]

Stack: [0x000000e688300000,0x000000e688400000]
Native frames: (J=compiled Java code, j=interpreted, Vv=VM code, C=native code)
V  [jvm.dll+0x5f5d5a]
V  [jvm.dll+0x7798b5]
V  [jvm.dll+0x77aecd]
V  [jvm.dll+0x77b583]
V  [jvm.dll+0x244978]
V  [jvm.dll+0x5f3174]
V  [jvm.dll+0x5e7d55]
V  [jvm.dll+0x30068b]
V  [jvm.dll+0x3005fa]
V  [jvm.dll+0x3004d2]
V  [jvm.dll+0x3053c6]
V  [jvm.dll+0x34e0a3]
V  [jvm.dll+0x34e7a6]
V  [jvm.dll+0x34e1a3]
V  [jvm.dll+0x2db0c8]
V  [jvm.dll+0x2dc267]
V  [jvm.dll+0x758057]
V  [jvm.dll+0x75984c]
V  [jvm.dll+0x35b659]
V  [jvm.dll+0x73b67e]
V  [jvm.dll+0x3c39f3]
V  [jvm.dll+0x3c5dd1]
C  [jli.dll+0x5373]
C  [ucrtbase.dll+0x21bb2]
C  [KERNEL32.DLL+0x17034]
C  [ntdll.dll+0x52651]


---------------  P R O C E S S  ---------------

Threads class SMR info:
_java_thread_list=0x000002c859bd3030, length=0, elements={
}

Java Threads: ( => current thread )

Other Threads:
  0x000002c859cab800 GCTaskThread "GC Thread#0" [stack: 0x000000e688400000,0x000000e688500000] [id=2292]
  0x000002c85be21800 ConcurrentGCThread "G1 Main Marker" [stack: 0x000000e688500000,0x000000e688600000] [id=15480]
  0x000002c85be23000 ConcurrentGCThread "G1 Conc#0" [stack: 0x000000e688600000,0x000000e688700000] [id=13084]

[error occurred during error reporting (printing all threads), id 0xc0000005, EXCEPTION_ACCESS_VIOLATION (0xc0000005) at pc=0x00007ffd10efb8f7]

VM state:not at safepoint (not fully initialized)

VM Mutex/Monitor currently owned by a thread:  ([mutex/lock_event])
[0x000002c85bdb0d60] Heap_lock - owner thread: 0x000002c85bdb3000

Heap address: 0x000000070a000000, size: 3936 MB, Compressed Oops mode: Non-zero based: 0x000000070a000000
Narrow klass base: 0x0000000000000000, Narrow klass shift: 0

GC Heap History (0 events):
No events

Deoptimization events (0 events):
No events

Classes redefined (0 events):
No events

Internal exceptions (0 events):
No events

Events (1 events):
Event: 0.010 Loaded shared library C:\Program Files\JetBrains\PhpStorm 2021.1.2\jbr\bin\zip.dll


Dynamic libraries:
0x00007ff660d40000 - 0x00007ff660d4a000 	C:\Program Files\JetBrains\PhpStorm 2021.1.2\jbr\bin\java.exe
0x00007ffd6f110000 - 0x00007ffd6f305000 	C:\Windows\SYSTEM32\ntdll.dll
0x00007ffd6edf0000 - 0x00007ffd6eeae000 	C:\Windows\System32\KERNEL32.DLL
0x00007ffd6c9d0000 - 0x00007ffd6cc99000 	C:\Windows\System32\KERNELBASE.dll
0x00007ffd6c8d0000 - 0x00007ffd6c9d0000 	C:\Windows\System32\ucrtbase.dll
0x00007ffd66990000 - 0x00007ffd669a9000 	C:\Program Files\JetBrains\PhpStorm 2021.1.2\jbr\bin\jli.dll
0x00007ffd6d790000 - 0x00007ffd6d931000 	C:\Windows\System32\USER32.dll
0x00007ffd6cca0000 - 0x00007ffd6ccc2000 	C:\Windows\System32\win32u.dll
0x00007ffd6e320000 - 0x00007ffd6e34b000 	C:\Windows\System32\GDI32.dll
0x00007ffd6ce60000 - 0x00007ffd6cf6b000 	C:\Windows\System32\gdi32full.dll
0x00007ffd6c830000 - 0x00007ffd6c8cd000 	C:\Windows\System32\msvcp_win.dll
0x00007ffd5f1d0000 - 0x00007ffd5f46a000 	C:\Windows\WinSxS\amd64_microsoft.windows.common-controls_6595b64144ccf1df_6.0.19041.1110_none_60b5254171f9507e\COMCTL32.dll
0x00007ffd6eca0000 - 0x00007ffd6ed3e000 	C:\Windows\System32\msvcrt.dll
0x00007ffd69730000 - 0x00007ffd69747000 	C:\Program Files\JetBrains\PhpStorm 2021.1.2\jbr\bin\VCRUNTIME140.dll
0x00007ffd6ea10000 - 0x00007ffd6ea40000 	C:\Windows\System32\IMM32.DLL
0x00007ffd66370000 - 0x00007ffd6640d000 	C:\Program Files\JetBrains\PhpStorm 2021.1.2\jbr\bin\msvcp140.dll
0x00007ffd10c10000 - 0x00007ffd1175a000 	C:\Program Files\JetBrains\PhpStorm 2021.1.2\jbr\bin\server\jvm.dll
0x00007ffd6e350000 - 0x00007ffd6e3fc000 	C:\Windows\System32\ADVAPI32.dll
0x00007ffd6e400000 - 0x00007ffd6e49b000 	C:\Windows\System32\sechost.dll
0x00007ffd6d940000 - 0x00007ffd6da6a000 	C:\Windows\System32\RPCRT4.dll
0x00007ffd6d310000 - 0x00007ffd6d318000 	C:\Windows\System32\PSAPI.DLL
0x00007ffd62710000 - 0x00007ffd62719000 	C:\Windows\SYSTEM32\WSOCK32.dll
0x00007ffd6f000000 - 0x00007ffd6f06b000 	C:\Windows\System32\WS2_32.dll
0x00007ffd67440000 - 0x00007ffd67467000 	C:\Windows\SYSTEM32\WINMM.dll
0x00007ffd60eb0000 - 0x00007ffd60eba000 	C:\Windows\SYSTEM32\VERSION.dll
0x00007ffd6b100000 - 0x00007ffd6b112000 	C:\Windows\SYSTEM32\kernel.appcore.dll
0x00007ffd648f0000 - 0x00007ffd64901000 	C:\Program Files\JetBrains\PhpStorm 2021.1.2\jbr\bin\verify.dll
0x00007ffd6a390000 - 0x00007ffd6a574000 	C:\Windows\SYSTEM32\DBGHELP.DLL
0x00007ffd62510000 - 0x00007ffd6253c000 	C:\Windows\SYSTEM32\dbgcore.DLL
0x00007ffd6cf70000 - 0x00007ffd6cff3000 	C:\Windows\System32\bcryptPrimitives.dll
0x00007ffd57370000 - 0x00007ffd57399000 	C:\Program Files\JetBrains\PhpStorm 2021.1.2\jbr\bin\java.dll
0x00007ffd64de0000 - 0x00007ffd64deb000 	C:\Program Files\JetBrains\PhpStorm 2021.1.2\jbr\bin\jimage.dll
0x00007ffd515f0000 - 0x00007ffd51608000 	C:\Program Files\JetBrains\PhpStorm 2021.1.2\jbr\bin\zip.dll

dbghelp: loaded successfully - version: 4.0.5 - missing functions: none
symbol engine: initialized successfully - sym options: 0x614 - pdb path: .;C:\Program Files\JetBrains\PhpStorm 2021.1.2\jbr\bin;C:\Windows\SYSTEM32;C:\Windows\WinSxS\amd64_microsoft.windows.common-controls_6595b64144ccf1df_6.0.19041.1110_none_60b5254171f9507e;C:\Program Files\JetBrains\PhpStorm 2021.1.2\jbr\bin\server

VM Arguments:
java_command: git4idea.http.GitAskPassApp Username for 'https://github.com': 
java_class_path (initial): C:/Program Files/JetBrains/PhpStorm 2021.1.2/plugins/git4idea/lib/git4idea-rt.jar;C:/Program Files/JetBrains/PhpStorm 2021.1.2/lib/3rd-party.jar
Launcher Type: SUN_STANDARD

[Global flags]
     intx CICompilerCount                          = 4                                         {product} {ergonomic}
     uint ConcGCThreads                            = 3                                         {product} {ergonomic}
     uint G1ConcRefinementThreads                  = 10                                        {product} {ergonomic}
   size_t G1HeapRegionSize                         = 1048576                                   {product} {ergonomic}
    uintx GCDrainStackTargetSize                   = 64                                        {product} {ergonomic}
   size_t InitialHeapSize                          = 257949696                                 {product} {ergonomic}
   size_t MarkStackSize                            = 4194304                                   {product} {ergonomic}
   size_t MaxHeapSize                              = 4127195136                                {product} {ergonomic}
   size_t MinHeapDeltaBytes                        = 1048576                                   {product} {ergonomic}
    uintx NonNMethodCodeHeapSize                   = 5836300                                {pd product} {ergonomic}
    uintx NonProfiledCodeHeapSize                  = 122910970                              {pd product} {ergonomic}
    uintx ProfiledCodeHeapSize                     = 122910970                              {pd product} {ergonomic}
    uintx ReservedCodeCacheSize                    = 251658240                              {pd product} {ergonomic}
     bool SegmentedCodeCache                       = true                                      {product} {ergonomic}
     bool UseCompressedClassPointers               = true                                 {lp64_product} {ergonomic}
     bool UseCompressedOops                        = true                                 {lp64_product} {ergonomic}
     bool UseG1GC                                  = true                                      {product} {ergonomic}
     bool UseLargePagesIndividualAllocation        = false                                  {pd product} {ergonomic}

Logging:
Log output configuration:
 #0: stdout all=warning uptime,level,tags
 #1: stderr all=off uptime,level,tags

Environment Variables:
JAVA_HOME=C:\Program Files\AdoptOpenJDK\jre-8.0.292.10-hotspot\
PATH=C:/Program Files/Git/mingw64/libexec/git-core;C:/Program Files/Git/mingw64/libexec/git-core;C:\Program Files\Git\mingw64\bin;C:\Program Files\Git\usr\bin;C:\Users\aurel\bin;C:\Python34\Lib\site-packages\PyQt4;C:\Program Files\AdoptOpenJDK\jre-8.0.292.10-hotspot\bin;C:\Program Files\AdoptOpenJDK\jre-11.0.11.9-hotspot\bin;C:\Program Files (x86)\AdoptOpenJDK\jre-8.0.292.10-hotspot\bin;C:\Windows\system32;C:\Windows;C:\Windows\System32\Wbem;C:\Windows\System32\WindowsPowerShell\v1.0\;C:\Windows\System32\OpenSSH\;C:\Program Files\Git\cmd;C:\ProgramData\ComposerSetup\bin;C:\Program Files\nodejs\;C:\Program Files\Docker\Docker\resources\bin;C:\ProgramData\DockerDesktop\version-bin;C:\Users\aurel\AppData\Local\Microsoft\WindowsApps;C:\Users\aurel\AppData\Local\Programs\Microsoft VS Code\bin;C:\php;C:\Users\aurel\AppData\Roaming\Composer\vendor\bin;C:\Users\aurel\AppData\Roaming\npm
USERNAME=aurel
DISPLAY=:0.0
LC_ALL=en_US.UTF-8
OS=Windows_NT
PROCESSOR_IDENTIFIER=AMD64 Family 23 Model 96 Stepping 1, AuthenticAMD



---------------  S Y S T E M  ---------------

OS: Windows 10 , 64 bit Build 19041 (10.0.19041.1202)
OS uptime: 1 days 14:40 hours

CPU:total 12 (initial active 12) (12 cores per cpu, 2 threads per core) family 23 model 96 stepping 1 microcode 0x0, cmov, cx8, fxsr, mmx, sse, sse2, sse3, ssse3, sse4.1, sse4.2, popcnt, avx, avx2, aes, clmul, mmxext, 3dnowpref, lzcnt, sse4a, ht, tsc, tscinvbit, tscinv, bmi1, bmi2, adx, 

Memory: 4k page, system-wide physical 15741M (684M free)
TotalPageFile size 31058M (AvailPageFile size 79M)
current process WorkingSet (physical memory assigned to process): 10M, peak: 10M
current process commit charge ("private bytes"): 64M, peak: 310M

vm_info: OpenJDK 64-Bit Server VM (11.0.11+9-b1504.13) for windows-amd64 JRE (11.0.11+9-b1504.13), built on Jul 18 2021 03:17:44 by "" with MS VC++ 14.0 (VS2015)

END.
